
*** Running vivado
    with args -log vga_controller.vds -m64 -product Vivado -mode batch -messageDb vivado.pb -notrace -source vga_controller.tcl


ECHO is off.
ECHO is off.

****** Vivado v2023.1 (64-bit)
  **** SW Build 3865809 on Sun May  7 15:05:29 MDT 2023
  **** IP Build 3864474 on Sun May  7 20:36:21 MDT 2023
  **** SharedData Build 3865790 on Sun May 07 13:33:03 MDT 2023
    ** Copyright 1986-2022 Xilinx, Inc. All Rights Reserved.
    ** Copyright 2022-2023 Advanced Micro Devices, Inc. All Rights Reserved.

source vga_controller.tcl -notrace
create_project: Time (s): cpu = 00:00:05 ; elapsed = 00:00:06 . Memory (MB): peak = 460.703 ; gain = 196.430
Command: read_checkpoint -auto_incremental -incremental D:/SSC/VGA/VGA.srcs/utils_1/imports/synth_2/vga_controller.dcp
INFO: [Vivado 12-5825] Read reference checkpoint from D:/SSC/VGA/VGA.srcs/utils_1/imports/synth_2/vga_controller.dcp for incremental synthesis
INFO: [Vivado 12-7989] Please ensure there are no constraint changes
Command: synth_design -top vga_controller -part xc7a100tcsg324-1
Starting synth_design
Attempting to get a license for feature 'Synthesis' and/or device 'xc7a100t'
INFO: [Common 17-349] Got license for feature 'Synthesis' and/or device 'xc7a100t'
INFO: [Device 21-403] Loading part xc7a100tcsg324-1
INFO: [Designutils 20-5440] No compile time benefit to using incremental synthesis; A full resynthesis will be run
INFO: [Designutils 20-4379] Flow is switching to default flow due to incremental criteria not met. If you would like to alter this behaviour and have the flow terminate instead, please set the following parameter config_implementation {autoIncr.Synth.RejectBehavior Terminate}
INFO: [Synth 8-7079] Multithreading enabled for synth_design using a maximum of 2 processes.
INFO: [Synth 8-7078] Launching helper process for spawning children vivado processes
INFO: [Synth 8-7075] Helper process launched with PID 22432
---------------------------------------------------------------------------------
Starting RTL Elaboration : Time (s): cpu = 00:00:03 ; elapsed = 00:00:04 . Memory (MB): peak = 1295.816 ; gain = 412.188
---------------------------------------------------------------------------------
INFO: [Synth 8-638] synthesizing module 'vga_controller' [D:/SSC/VGA/VGA.srcs/sources_1/new/vga_controller.vhd:18]
INFO: [Synth 8-3491] module 'bram' declared at 'D:/SSC/VGA/VGA.srcs/sources_1/new/bram.vhd:8' bound to instance 'ram_images' of component 'bram' [D:/SSC/VGA/VGA.srcs/sources_1/new/vga_controller.vhd:78]
INFO: [Synth 8-638] synthesizing module 'bram' [D:/SSC/VGA/VGA.srcs/sources_1/new/bram.vhd:16]
INFO: [Synth 8-3491] module 'mpg' declared at 'D:/SSC/VGA/VGA.srcs/sources_1/new/mpg.vhd:6' bound to instance 'mono' of component 'mpg' [D:/SSC/VGA/VGA.srcs/sources_1/new/bram.vhd:180040]
INFO: [Synth 8-638] synthesizing module 'mpg' [D:/SSC/VGA/VGA.srcs/sources_1/new/mpg.vhd:14]
INFO: [Synth 8-256] done synthesizing module 'mpg' (0#1) [D:/SSC/VGA/VGA.srcs/sources_1/new/mpg.vhd:14]
INFO: [Synth 8-256] done synthesizing module 'bram' (0#1) [D:/SSC/VGA/VGA.srcs/sources_1/new/bram.vhd:16]
INFO: [Synth 8-3491] module 'clk_div' declared at 'D:/SSC/VGA/VGA.srcs/sources_1/new/clk_div.vhd:4' bound to instance 'clk_divider' of component 'clk_div' [D:/SSC/VGA/VGA.srcs/sources_1/new/vga_controller.vhd:83]
INFO: [Synth 8-638] synthesizing module 'clk_div' [D:/SSC/VGA/VGA.srcs/sources_1/new/clk_div.vhd:11]
INFO: [Synth 8-256] done synthesizing module 'clk_div' (0#1) [D:/SSC/VGA/VGA.srcs/sources_1/new/clk_div.vhd:11]
INFO: [Synth 8-3491] module 'horizontal_counter' declared at 'D:/SSC/VGA/VGA.srcs/sources_1/new/horizontal_counter.vhd:6' bound to instance 'hc' of component 'horizontal_counter' [D:/SSC/VGA/VGA.srcs/sources_1/new/vga_controller.vhd:88]
INFO: [Synth 8-638] synthesizing module 'horizontal_counter' [D:/SSC/VGA/VGA.srcs/sources_1/new/horizontal_counter.vhd:13]
INFO: [Synth 8-256] done synthesizing module 'horizontal_counter' (0#1) [D:/SSC/VGA/VGA.srcs/sources_1/new/horizontal_counter.vhd:13]
INFO: [Synth 8-3491] module 'vertical_counter' declared at 'D:/SSC/VGA/VGA.srcs/sources_1/new/vertical_counter.vhd:6' bound to instance 'vc' of component 'vertical_counter' [D:/SSC/VGA/VGA.srcs/sources_1/new/vga_controller.vhd:93]
INFO: [Synth 8-638] synthesizing module 'vertical_counter' [D:/SSC/VGA/VGA.srcs/sources_1/new/vertical_counter.vhd:14]
INFO: [Synth 8-256] done synthesizing module 'vertical_counter' (0#1) [D:/SSC/VGA/VGA.srcs/sources_1/new/vertical_counter.vhd:14]
INFO: [Synth 8-3491] module 'horizontal_sync' declared at 'D:/SSC/VGA/VGA.srcs/sources_1/new/horizontal_sync.vhd:6' bound to instance 'hs' of component 'horizontal_sync' [D:/SSC/VGA/VGA.srcs/sources_1/new/vga_controller.vhd:99]
INFO: [Synth 8-638] synthesizing module 'horizontal_sync' [D:/SSC/VGA/VGA.srcs/sources_1/new/horizontal_sync.vhd:14]
INFO: [Synth 8-256] done synthesizing module 'horizontal_sync' (0#1) [D:/SSC/VGA/VGA.srcs/sources_1/new/horizontal_sync.vhd:14]
INFO: [Synth 8-3491] module 'vertical_sync' declared at 'D:/SSC/VGA/VGA.srcs/sources_1/new/vertical_sync.vhd:6' bound to instance 'vs' of component 'vertical_sync' [D:/SSC/VGA/VGA.srcs/sources_1/new/vga_controller.vhd:105]
INFO: [Synth 8-638] synthesizing module 'vertical_sync' [D:/SSC/VGA/VGA.srcs/sources_1/new/vertical_sync.vhd:14]
INFO: [Synth 8-256] done synthesizing module 'vertical_sync' (0#1) [D:/SSC/VGA/VGA.srcs/sources_1/new/vertical_sync.vhd:14]
INFO: [Synth 8-256] done synthesizing module 'vga_controller' (0#1) [D:/SSC/VGA/VGA.srcs/sources_1/new/vga_controller.vhd:18]
---------------------------------------------------------------------------------
Finished RTL Elaboration : Time (s): cpu = 00:00:07 ; elapsed = 00:00:08 . Memory (MB): peak = 1558.293 ; gain = 674.664
---------------------------------------------------------------------------------
---------------------------------------------------------------------------------
Start Handling Custom Attributes
---------------------------------------------------------------------------------
---------------------------------------------------------------------------------
Finished Handling Custom Attributes : Time (s): cpu = 00:00:07 ; elapsed = 00:00:08 . Memory (MB): peak = 1558.293 ; gain = 674.664
---------------------------------------------------------------------------------
---------------------------------------------------------------------------------
Finished RTL Optimization Phase 1 : Time (s): cpu = 00:00:07 ; elapsed = 00:00:08 . Memory (MB): peak = 1558.293 ; gain = 674.664
---------------------------------------------------------------------------------
Netlist sorting complete. Time (s): cpu = 00:00:00 ; elapsed = 00:00:00.003 . Memory (MB): peak = 1558.293 ; gain = 0.000
INFO: [Project 1-570] Preparing netlist for logic optimization

Processing XDC Constraints
Initializing timing engine
Parsing XDC File [D:/SSC/VGA/VGA.srcs/constrs_2/new/Artix.xdc]
Finished Parsing XDC File [D:/SSC/VGA/VGA.srcs/constrs_2/new/Artix.xdc]
INFO: [Project 1-236] Implementation specific constraints were found while reading constraint file [D:/SSC/VGA/VGA.srcs/constrs_2/new/Artix.xdc]. These constraints will be ignored for synthesis but will be used in implementation. Impacted constraints are listed in the file [.Xil/vga_controller_propImpl.xdc].
Resolution: To avoid this warning, move constraints listed in [.Xil/vga_controller_propImpl.xdc] to another XDC file and exclude this new file from synthesis with the used_in_synthesis property (File Properties dialog in GUI) and re-run elaboration/synthesis.
Completed Processing XDC Constraints

Netlist sorting complete. Time (s): cpu = 00:00:00 ; elapsed = 00:00:00.001 . Memory (MB): peak = 1585.457 ; gain = 0.000
INFO: [Project 1-111] Unisim Transformation Summary:
No Unisim elements were transformed.

Constraint Validation Runtime : Time (s): cpu = 00:00:00 ; elapsed = 00:00:00.008 . Memory (MB): peak = 1585.457 ; gain = 0.000
INFO: [Designutils 20-5440] No compile time benefit to using incremental synthesis; A full resynthesis will be run
INFO: [Designutils 20-4379] Flow is switching to default flow due to incremental criteria not met. If you would like to alter this behaviour and have the flow terminate instead, please set the following parameter config_implementation {autoIncr.Synth.RejectBehavior Terminate}
---------------------------------------------------------------------------------
Finished Constraint Validation : Time (s): cpu = 00:00:13 ; elapsed = 00:00:14 . Memory (MB): peak = 1585.457 ; gain = 701.828
---------------------------------------------------------------------------------
---------------------------------------------------------------------------------
Start Loading Part and Timing Information
---------------------------------------------------------------------------------
Loading part: xc7a100tcsg324-1
---------------------------------------------------------------------------------
Finished Loading Part and Timing Information : Time (s): cpu = 00:00:13 ; elapsed = 00:00:14 . Memory (MB): peak = 1585.457 ; gain = 701.828
---------------------------------------------------------------------------------
---------------------------------------------------------------------------------
Start Applying 'set_property' XDC Constraints
---------------------------------------------------------------------------------
---------------------------------------------------------------------------------
Finished applying 'set_property' XDC Constraints : Time (s): cpu = 00:00:13 ; elapsed = 00:00:14 . Memory (MB): peak = 1585.457 ; gain = 701.828
---------------------------------------------------------------------------------
---------------------------------------------------------------------------------
Finished RTL Optimization Phase 2 : Time (s): cpu = 00:00:20 ; elapsed = 00:00:22 . Memory (MB): peak = 1585.457 ; gain = 701.828
---------------------------------------------------------------------------------
---------------------------------------------------------------------------------
Start RTL Component Statistics 
---------------------------------------------------------------------------------
Detailed RTL Component Info : 
+---Adders : 
	   2 Input   31 Bit       Adders := 1     
	   2 Input    2 Bit       Adders := 1     
+---Registers : 
	               31 Bit    Registers := 1     
	               12 Bit    Registers := 1     
	                4 Bit    Registers := 3     
	                2 Bit    Registers := 1     
	                1 Bit    Registers := 7     
+---ROMs : 
	                    ROMs := 1     
+---Muxes : 
	   2 Input   12 Bit        Muxes := 1     
	   2 Input    4 Bit        Muxes := 6     
	   2 Input    1 Bit        Muxes := 1     
---------------------------------------------------------------------------------
Finished RTL Component Statistics 
---------------------------------------------------------------------------------
---------------------------------------------------------------------------------
Start Part Resource Summary
---------------------------------------------------------------------------------
Part Resources:
DSPs: 240 (col length:80)
BRAMs: 270 (col length: RAMB18 80 RAMB36 40)
---------------------------------------------------------------------------------
Finished Part Resource Summary
---------------------------------------------------------------------------------
---------------------------------------------------------------------------------
Start Cross Boundary and Area Optimization
---------------------------------------------------------------------------------
WARNING: [Synth 8-7080] Parallel synthesis criteria is not met
---------------------------------------------------------------------------------
Finished Cross Boundary and Area Optimization : Time (s): cpu = 00:00:25 ; elapsed = 00:00:27 . Memory (MB): peak = 1594.258 ; gain = 710.629
---------------------------------------------------------------------------------
---------------------------------------------------------------------------------
Start ROM, RAM, DSP, Shift Register and Retiming Reporting
---------------------------------------------------------------------------------

ROM: Preliminary Mapping Report
+------------+-------------------+---------------+----------------+
|Module Name | RTL Object        | Depth x Width | Implemented As | 
+------------+-------------------+---------------+----------------+
|bram        | read_data_aux_reg | 131072x12     | Block RAM      | 
|bram        | image1            | 131072x12     | LUT            | 
+------------+-------------------+---------------+----------------+

---------------------------------------------------------------------------------
Finished ROM, RAM, DSP, Shift Register and Retiming Reporting
---------------------------------------------------------------------------------
---------------------------------------------------------------------------------
Start Applying XDC Timing Constraints
---------------------------------------------------------------------------------
---------------------------------------------------------------------------------
Finished Applying XDC Timing Constraints : Time (s): cpu = 00:00:30 ; elapsed = 00:00:31 . Memory (MB): peak = 1635.070 ; gain = 751.441
---------------------------------------------------------------------------------
---------------------------------------------------------------------------------
Start Timing Optimization
---------------------------------------------------------------------------------
---------------------------------------------------------------------------------
Finished Timing Optimization : Time (s): cpu = 00:00:30 ; elapsed = 00:00:31 . Memory (MB): peak = 1635.070 ; gain = 751.441
---------------------------------------------------------------------------------
---------------------------------------------------------------------------------
Start Technology Mapping
---------------------------------------------------------------------------------
INFO: [Synth 8-7052] The timing for the instance ram_images/read_data_aux_reg_1_0 (implemented as a Block RAM) might be sub-optimal as no optional output register could be merged into the ram block. Providing additional output register may help in improving timing.
INFO: [Synth 8-7052] The timing for the instance ram_images/read_data_aux_reg_1_1 (implemented as a Block RAM) might be sub-optimal as no optional output register could be merged into the ram block. Providing additional output register may help in improving timing.
INFO: [Synth 8-7052] The timing for the instance ram_images/read_data_aux_reg_1_2 (implemented as a Block RAM) might be sub-optimal as no optional output register could be merged into the ram block. Providing additional output register may help in improving timing.
INFO: [Synth 8-7052] The timing for the instance ram_images/read_data_aux_reg_1_3 (implemented as a Block RAM) might be sub-optimal as no optional output register could be merged into the ram block. Providing additional output register may help in improving timing.
INFO: [Synth 8-7052] The timing for the instance ram_images/read_data_aux_reg_1_4 (implemented as a Block RAM) might be sub-optimal as no optional output register could be merged into the ram block. Providing additional output register may help in improving timing.
INFO: [Synth 8-7052] The timing for the instance ram_images/read_data_aux_reg_1_5 (implemented as a Block RAM) might be sub-optimal as no optional output register could be merged into the ram block. Providing additional output register may help in improving timing.
INFO: [Synth 8-7052] The timing for the instance ram_images/read_data_aux_reg_1_6 (implemented as a Block RAM) might be sub-optimal as no optional output register could be merged into the ram block. Providing additional output register may help in improving timing.
INFO: [Synth 8-7052] The timing for the instance ram_images/read_data_aux_reg_1_7 (implemented as a Block RAM) might be sub-optimal as no optional output register could be merged into the ram block. Providing additional output register may help in improving timing.
INFO: [Synth 8-7052] The timing for the instance ram_images/read_data_aux_reg_1_8 (implemented as a Block RAM) might be sub-optimal as no optional output register could be merged into the ram block. Providing additional output register may help in improving timing.
INFO: [Synth 8-7052] The timing for the instance ram_images/read_data_aux_reg_1_9 (implemented as a Block RAM) might be sub-optimal as no optional output register could be merged into the ram block. Providing additional output register may help in improving timing.
INFO: [Synth 8-7052] The timing for the instance ram_images/read_data_aux_reg_1_10 (implemented as a Block RAM) might be sub-optimal as no optional output register could be merged into the ram block. Providing additional output register may help in improving timing.
INFO: [Synth 8-7052] The timing for the instance ram_images/read_data_aux_reg_1_11 (implemented as a Block RAM) might be sub-optimal as no optional output register could be merged into the ram block. Providing additional output register may help in improving timing.
INFO: [Synth 8-7052] The timing for the instance ram_images/read_data_aux_reg_1_0__0 (implemented as a Block RAM) might be sub-optimal as no optional output register could be merged into the ram block. Providing additional output register may help in improving timing.
INFO: [Synth 8-7052] The timing for the instance ram_images/read_data_aux_reg_1_1__0 (implemented as a Block RAM) might be sub-optimal as no optional output register could be merged into the ram block. Providing additional output register may help in improving timing.
INFO: [Synth 8-7052] The timing for the instance ram_images/read_data_aux_reg_1_2__0 (implemented as a Block RAM) might be sub-optimal as no optional output register could be merged into the ram block. Providing additional output register may help in improving timing.
INFO: [Synth 8-7052] The timing for the instance ram_images/read_data_aux_reg_1_3__0 (implemented as a Block RAM) might be sub-optimal as no optional output register could be merged into the ram block. Providing additional output register may help in improving timing.
INFO: [Synth 8-7052] The timing for the instance ram_images/read_data_aux_reg_1_4__0 (implemented as a Block RAM) might be sub-optimal as no optional output register could be merged into the ram block. Providing additional output register may help in improving timing.
INFO: [Synth 8-7052] The timing for the instance ram_images/read_data_aux_reg_1_5__0 (implemented as a Block RAM) might be sub-optimal as no optional output register could be merged into the ram block. Providing additional output register may help in improving timing.
INFO: [Synth 8-7052] The timing for the instance ram_images/read_data_aux_reg_1_6__0 (implemented as a Block RAM) might be sub-optimal as no optional output register could be merged into the ram block. Providing additional output register may help in improving timing.
INFO: [Synth 8-7052] The timing for the instance ram_images/read_data_aux_reg_1_7__0 (implemented as a Block RAM) might be sub-optimal as no optional output register could be merged into the ram block. Providing additional output register may help in improving timing.
INFO: [Synth 8-7052] The timing for the instance ram_images/read_data_aux_reg_1_8__0 (implemented as a Block RAM) might be sub-optimal as no optional output register could be merged into the ram block. Providing additional output register may help in improving timing.
INFO: [Synth 8-7052] The timing for the instance ram_images/read_data_aux_reg_1_9__0 (implemented as a Block RAM) might be sub-optimal as no optional output register could be merged into the ram block. Providing additional output register may help in improving timing.
INFO: [Synth 8-7052] The timing for the instance ram_images/read_data_aux_reg_1_10__0 (implemented as a Block RAM) might be sub-optimal as no optional output register could be merged into the ram block. Providing additional output register may help in improving timing.
INFO: [Synth 8-7052] The timing for the instance ram_images/read_data_aux_reg_1_11__0 (implemented as a Block RAM) might be sub-optimal as no optional output register could be merged into the ram block. Providing additional output register may help in improving timing.
---------------------------------------------------------------------------------
Finished Technology Mapping : Time (s): cpu = 00:00:31 ; elapsed = 00:00:33 . Memory (MB): peak = 1654.363 ; gain = 770.734
---------------------------------------------------------------------------------
---------------------------------------------------------------------------------
Start IO Insertion
---------------------------------------------------------------------------------
---------------------------------------------------------------------------------
Start Flattening Before IO Insertion
---------------------------------------------------------------------------------
---------------------------------------------------------------------------------
Finished Flattening Before IO Insertion
---------------------------------------------------------------------------------
---------------------------------------------------------------------------------
Start Final Netlist Cleanup
---------------------------------------------------------------------------------
---------------------------------------------------------------------------------
Finished Final Netlist Cleanup
---------------------------------------------------------------------------------
---------------------------------------------------------------------------------
Finished IO Insertion : Time (s): cpu = 00:00:36 ; elapsed = 00:00:38 . Memory (MB): peak = 1658.781 ; gain = 775.152
---------------------------------------------------------------------------------
---------------------------------------------------------------------------------
Start Renaming Generated Instances
---------------------------------------------------------------------------------
---------------------------------------------------------------------------------
Finished Renaming Generated Instances : Time (s): cpu = 00:00:36 ; elapsed = 00:00:38 . Memory (MB): peak = 1658.781 ; gain = 775.152
---------------------------------------------------------------------------------
---------------------------------------------------------------------------------
Start Rebuilding User Hierarchy
---------------------------------------------------------------------------------
---------------------------------------------------------------------------------
Finished Rebuilding User Hierarchy : Time (s): cpu = 00:00:36 ; elapsed = 00:00:38 . Memory (MB): peak = 1658.781 ; gain = 775.152
---------------------------------------------------------------------------------
---------------------------------------------------------------------------------
Start Renaming Generated Ports
---------------------------------------------------------------------------------
---------------------------------------------------------------------------------
Finished Renaming Generated Ports : Time (s): cpu = 00:00:36 ; elapsed = 00:00:38 . Memory (MB): peak = 1658.781 ; gain = 775.152
---------------------------------------------------------------------------------
---------------------------------------------------------------------------------
Start Handling Custom Attributes
---------------------------------------------------------------------------------
---------------------------------------------------------------------------------
Finished Handling Custom Attributes : Time (s): cpu = 00:00:37 ; elapsed = 00:00:39 . Memory (MB): peak = 1658.781 ; gain = 775.152
---------------------------------------------------------------------------------
---------------------------------------------------------------------------------
Start Renaming Generated Nets
---------------------------------------------------------------------------------
---------------------------------------------------------------------------------
Finished Renaming Generated Nets : Time (s): cpu = 00:00:37 ; elapsed = 00:00:39 . Memory (MB): peak = 1658.781 ; gain = 775.152
---------------------------------------------------------------------------------
---------------------------------------------------------------------------------
Start Writing Synthesis Report
---------------------------------------------------------------------------------

Report BlackBoxes: 
+-+--------------+----------+
| |BlackBox name |Instances |
+-+--------------+----------+
+-+--------------+----------+

Report Cell Usage: 
+------+---------+------+
|      |Cell     |Count |
+------+---------+------+
|1     |BUFG     |     2|
|2     |CARRY4   |    25|
|3     |LUT1     |     7|
|4     |LUT2     |    20|
|5     |LUT3     |    74|
|6     |LUT4     |   230|
|7     |LUT5     |  1325|
|8     |LUT6     | 16407|
|9     |MUXF7    |  6360|
|10    |MUXF8    |   623|
|11    |RAMB36E1 |    36|
|47    |FDRE     |   148|
|48    |IBUF     |     2|
|49    |OBUF     |    14|
+------+---------+------+
---------------------------------------------------------------------------------
Finished Writing Synthesis Report : Time (s): cpu = 00:00:37 ; elapsed = 00:00:39 . Memory (MB): peak = 1658.781 ; gain = 775.152
---------------------------------------------------------------------------------
Synthesis finished with 0 errors, 0 critical warnings and 1 warnings.
Synthesis Optimization Runtime : Time (s): cpu = 00:00:28 ; elapsed = 00:00:37 . Memory (MB): peak = 1658.781 ; gain = 747.988
Synthesis Optimization Complete : Time (s): cpu = 00:00:37 ; elapsed = 00:00:39 . Memory (MB): peak = 1658.781 ; gain = 775.152
INFO: [Project 1-571] Translating synthesized netlist
Netlist sorting complete. Time (s): cpu = 00:00:00 ; elapsed = 00:00:00.198 . Memory (MB): peak = 1670.832 ; gain = 0.000
INFO: [Netlist 29-17] Analyzing 7044 Unisim elements for replacement
INFO: [Netlist 29-28] Unisim Transformation completed in 0 CPU seconds
WARNING: [Netlist 29-101] Netlist 'vga_controller' is not ideal for floorplanning, since the cellview 'bram' contains a large number of primitives.  Please consider enabling hierarchy in synthesis if you want to do floorplanning.
INFO: [Project 1-570] Preparing netlist for logic optimization
INFO: [Opt 31-138] Pushed 0 inverter(s) to 0 load pin(s).
Netlist sorting complete. Time (s): cpu = 00:00:00 ; elapsed = 00:00:00.003 . Memory (MB): peak = 1684.824 ; gain = 0.000
INFO: [Project 1-111] Unisim Transformation Summary:
No Unisim elements were transformed.

Synth Design complete | Checksum: 81453686
INFO: [Common 17-83] Releasing license: Synthesis
68 Infos, 2 Warnings, 0 Critical Warnings and 0 Errors encountered.
synth_design completed successfully
synth_design: Time (s): cpu = 00:00:44 ; elapsed = 00:00:46 . Memory (MB): peak = 1684.824 ; gain = 1199.262
INFO: [Common 17-1381] The checkpoint 'D:/SSC/VGA/VGA.runs/synth_2/vga_controller.dcp' has been generated.
INFO: [runtcl-4] Executing : report_utilization -file vga_controller_utilization_synth.rpt -pb vga_controller_utilization_synth.pb
INFO: [Common 17-206] Exiting Vivado at Thu Jan 18 16:48:33 2024...
